Performing C SOURCE FILE Test CMAKE_HAVE_LIBC_PTHREAD failed with the following output:
Change Dir: /home/william/Área de Trabalho/slam/build/CMakeFiles/CMakeTmp

Run Build Command(s):/usr/bin/make -f Makefile cmTC_835a2/fast && /usr/bin/make  -f CMakeFiles/cmTC_835a2.dir/build.make CMakeFiles/cmTC_835a2.dir/build
make[1]: Entering directory '/home/william/Área de Trabalho/slam/build/CMakeFiles/CMakeTmp'
Building C object CMakeFiles/cmTC_835a2.dir/src.c.o
/usr/bin/cc -DCMAKE_HAVE_LIBC_PTHREAD   -o CMakeFiles/cmTC_835a2.dir/src.c.o -c "/home/william/Área de Trabalho/slam/build/CMakeFiles/CMakeTmp/src.c"
Linking C executable cmTC_835a2
/opt/cmake-3.21.4-linux-x86_64/bin/cmake -E cmake_link_script CMakeFiles/cmTC_835a2.dir/link.txt --verbose=1
/usr/bin/cc -rdynamic CMakeFiles/cmTC_835a2.dir/src.c.o -o cmTC_835a2 
CMakeFiles/cmTC_835a2.dir/src.c.o: Na função "main":
src.c:(.text+0x3e): referência não definida para "pthread_create"
src.c:(.text+0x4a): referência não definida para "pthread_detach"
src.c:(.text+0x56): referência não definida para "pthread_cancel"
src.c:(.text+0x67): referência não definida para "pthread_join"
src.c:(.text+0x7b): referência não definida para "pthread_atfork"
collect2: error: ld returned 1 exit status
CMakeFiles/cmTC_835a2.dir/build.make:98: recipe for target 'cmTC_835a2' failed
make[1]: *** [cmTC_835a2] Error 1
make[1]: Leaving directory '/home/william/Área de Trabalho/slam/build/CMakeFiles/CMakeTmp'
Makefile:127: recipe for target 'cmTC_835a2/fast' failed
make: *** [cmTC_835a2/fast] Error 2


Source file was:
#include <pthread.h>

static void* test_func(void* data)
{
  return data;
}

int main(void)
{
  pthread_t thread;
  pthread_create(&thread, NULL, test_func, NULL);
  pthread_detach(thread);
  pthread_cancel(thread);
  pthread_join(thread, NULL);
  pthread_atfork(NULL, NULL, NULL);
  pthread_exit(NULL);

  return 0;
}

Determining if the function pthread_create exists in the pthreads failed with the following output:
Change Dir: /home/william/Área de Trabalho/slam/build/CMakeFiles/CMakeTmp

Run Build Command(s):/usr/bin/make -f Makefile cmTC_8305b/fast && /usr/bin/make  -f CMakeFiles/cmTC_8305b.dir/build.make CMakeFiles/cmTC_8305b.dir/build
make[1]: Entering directory '/home/william/Área de Trabalho/slam/build/CMakeFiles/CMakeTmp'
Building C object CMakeFiles/cmTC_8305b.dir/CheckFunctionExists.c.o
/usr/bin/cc   -DCHECK_FUNCTION_EXISTS=pthread_create -o CMakeFiles/cmTC_8305b.dir/CheckFunctionExists.c.o -c /opt/cmake-3.21.4-linux-x86_64/share/cmake-3.21/Modules/CheckFunctionExists.c
Linking C executable cmTC_8305b
/opt/cmake-3.21.4-linux-x86_64/bin/cmake -E cmake_link_script CMakeFiles/cmTC_8305b.dir/link.txt --verbose=1
/usr/bin/cc  -DCHECK_FUNCTION_EXISTS=pthread_create -rdynamic CMakeFiles/cmTC_8305b.dir/CheckFunctionExists.c.o -o cmTC_8305b  -lpthreads 
/usr/bin/ld: não foi possível localizar -lpthreads
collect2: error: ld returned 1 exit status
CMakeFiles/cmTC_8305b.dir/build.make:98: recipe for target 'cmTC_8305b' failed
make[1]: *** [cmTC_8305b] Error 1
make[1]: Leaving directory '/home/william/Área de Trabalho/slam/build/CMakeFiles/CMakeTmp'
Makefile:127: recipe for target 'cmTC_8305b/fast' failed
make: *** [cmTC_8305b/fast] Error 2



